<?xml version="1.0" encoding="UTF-8"?>
<testsuite xmlns:xsi="http://www.w3.org/2001/XMLSchema-instance" xsi:noNamespaceSchemaLocation="https://maven.apache.org/surefire/maven-surefire-plugin/xsd/surefire-test-report-3.0.xsd" version="3.0" name="com.codewithazam.runners.SignalRunner" time="16.587" tests="3" errors="0" skipped="0" failures="1">
  <properties>
[...]
</properties>
  <testcase name="Invalid credentials sign in" classname="Signal Telecom Sign In" time="7.155">
    <system-out><![CDATA[
@signal @invalid
Scenario: Invalid credentials sign in # src/test/resources/features/SignalTelecomSignIn.feature:6
  When User enters invalid email      # com.codewithazam.steps.SignalTelecomSteps.user_enters_invalid_email()
  And USer enters an invalid password # com.codewithazam.steps.SignalTelecomSteps.u_ser_enters_an_invalid_password()
  And User clicks on Sign In button   # com.codewithazam.steps.SignalTelecomSteps.user_clicks_on_sign_in_button()
  Then User sees an error message     # com.codewithazam.steps.SignalTelecomSteps.user_sees_an_error_message()

    Embedding Invalid credentials sign in [image/png 56274 bytes]

]]></system-out>
    <system-err><![CDATA[SLF4J: Failed to load class "org.slf4j.impl.StaticLoggerBinder".
SLF4J: Defaulting to no-operation (NOP) logger implementation
SLF4J: See http://www.slf4j.org/codes.html#StaticLoggerBinder for further details.
ERROR StatusLogger Log4j2 could not find a logging implementation. Please add log4j-core to the classpath. Using SimpleLogger to log to the console...
Starting ChromeDriver 103.0.5060.134 (8ec6fce403b3feb0869b0732eda8bd95011d333c-refs/branch-heads/5060@{#1262}) on port 50245
Only local connections are allowed.
Please see https://chromedriver.chromium.org/security-considerations for suggestions on keeping ChromeDriver safe.
ChromeDriver was started successfully.
[1660284258.450][WARNING]: This version of ChromeDriver has not been tested with Chrome version 104.
Aug 12, 2022 2:04:18 AM org.openqa.selenium.remote.ProtocolHandshake createSession
INFO: Detected upstream dialect: W3C
Aug 12, 2022 2:04:18 AM org.openqa.selenium.devtools.CdpVersionFinder findNearestMatch
WARNING: Unable to find an exact match for CDP version 104, so returning the closest version found: 103
Aug 12, 2022 2:04:18 AM org.openqa.selenium.devtools.CdpVersionFinder findNearestMatch
INFO: Found CDP implementation for version 104 of 103
]]></system-err>
  </testcase>
  <testcase name="Empty Email Sign In" classname="Signal Telecom Sign In" time="4.688">
    <failure message="expected:&lt;true&gt; but was:&lt;false&gt;" type="java.lang.AssertionError"><![CDATA[java.lang.AssertionError: expected:<true> but was:<false>
	at org.junit.Assert.fail(Assert.java:89)
	at org.junit.Assert.failNotEquals(Assert.java:835)
	at org.junit.Assert.assertEquals(Assert.java:120)
	at org.junit.Assert.assertEquals(Assert.java:146)
	at com.codewithazam.steps.SignalTelecomSteps.user_validates_the_error_message(SignalTelecomSteps.java:50)
	at ✽.User validates the error message(file:///Users/codewithazam/Desktop/Azam/CucumberFramework/src/test/resources/features/SignalTelecomSignIn.feature:18)
]]></failure>
    <system-out><![CDATA[
@signal @empty
Scenario: Empty Email Sign In          # src/test/resources/features/SignalTelecomSignIn.feature:13
  When User leaves username email      # com.codewithazam.steps.SignalTelecomSteps.user_leaves_username_email()
  And USer enters an invalid password  # com.codewithazam.steps.SignalTelecomSteps.u_ser_enters_an_invalid_password()
  And User clicks on Sign In button    # com.codewithazam.steps.SignalTelecomSteps.user_clicks_on_sign_in_button()
  Then User sees an error message      # com.codewithazam.steps.SignalTelecomSteps.user_sees_an_error_message()
  And User validates the error message # com.codewithazam.steps.SignalTelecomSteps.user_validates_the_error_message()
      java.lang.AssertionError: expected:<true> but was:<false>
	at org.junit.Assert.fail(Assert.java:89)
	at org.junit.Assert.failNotEquals(Assert.java:835)
	at org.junit.Assert.assertEquals(Assert.java:120)
	at org.junit.Assert.assertEquals(Assert.java:146)
	at com.codewithazam.steps.SignalTelecomSteps.user_validates_the_error_message(SignalTelecomSteps.java:50)
	at ✽.User validates the error message(file:///Users/codewithazam/Desktop/Azam/CucumberFramework/src/test/resources/features/SignalTelecomSignIn.feature:18)


    Embedding Empty Email Sign In [image/png 53755 bytes]

]]></system-out>
    <system-err><![CDATA[Starting ChromeDriver 103.0.5060.134 (8ec6fce403b3feb0869b0732eda8bd95011d333c-refs/branch-heads/5060@{#1262}) on port 52013
Only local connections are allowed.
Please see https://chromedriver.chromium.org/security-considerations for suggestions on keeping ChromeDriver safe.
ChromeDriver was started successfully.
[1660284263.760][WARNING]: This version of ChromeDriver has not been tested with Chrome version 104.
Aug 12, 2022 2:04:23 AM org.openqa.selenium.remote.ProtocolHandshake createSession
INFO: Detected upstream dialect: W3C
Aug 12, 2022 2:04:24 AM org.openqa.selenium.devtools.CdpVersionFinder findNearestMatch
WARNING: Unable to find an exact match for CDP version 104, so returning the closest version found: 103
Aug 12, 2022 2:04:24 AM org.openqa.selenium.devtools.CdpVersionFinder findNearestMatch
INFO: Found CDP implementation for version 104 of 103
]]></system-err>
  </testcase>
  <testcase name="Parametrized Sign In" classname="Signal Telecom Sign In" time="3.777">
    <system-out><![CDATA[
@signal @parametrized
Scenario: Parametrized Sign In                              # src/test/resources/features/SignalTelecomSignIn.feature:21
  When User enters an invalid username as  "jama@gmail.com" # com.codewithazam.steps.SignalTelecomSteps.user_enters_an_invalid_username_as(java.lang.String)
  And User enters an invalid password as "wow-wow"          # com.codewithazam.steps.SignalTelecomSteps.user_enters_an_invalid_password_as(java.lang.String)
  And User clicks on Sign In button                         # com.codewithazam.steps.SignalTelecomSteps.user_clicks_on_sign_in_button()
  Then User sees an error message                           # com.codewithazam.steps.SignalTelecomSteps.user_sees_an_error_message()

    Embedding Parametrized Sign In [image/png 58503 bytes]

]]></system-out>
    <system-err><![CDATA[Starting ChromeDriver 103.0.5060.134 (8ec6fce403b3feb0869b0732eda8bd95011d333c-refs/branch-heads/5060@{#1262}) on port 63931
Only local connections are allowed.
Please see https://chromedriver.chromium.org/security-considerations for suggestions on keeping ChromeDriver safe.
ChromeDriver was started successfully.
[1660284267.510][WARNING]: This version of ChromeDriver has not been tested with Chrome version 104.
Aug 12, 2022 2:04:27 AM org.openqa.selenium.remote.ProtocolHandshake createSession
INFO: Detected upstream dialect: W3C
Aug 12, 2022 2:04:27 AM org.openqa.selenium.devtools.CdpVersionFinder findNearestMatch
WARNING: Unable to find an exact match for CDP version 104, so returning the closest version found: 103
Aug 12, 2022 2:04:27 AM org.openqa.selenium.devtools.CdpVersionFinder findNearestMatch
INFO: Found CDP implementation for version 104 of 103
]]></system-err>
  </testcase>
</testsuite>